Proyecto2/app/app/build/intermediates/manifest_merge_blame_file/debug/manifest-merger-blame-debug-report.txt
1<?xml version="1.0" encoding="utf-8"?>
2<manifest xmlns:android="http://schemas.android.com/apk/res/android"
3    package="com.example.chat"
4    android:versionCode="1"
5    android:versionName="1.0" >
6
7    <uses-sdk
8        android:minSdkVersion="16"
8-->src/main/AndroidManifest.xml
9        android:targetSdkVersion="32" />
9-->src/main/AndroidManifest.xml
10
11    <uses-permission android:name="android.permission.ACCESS_NETWORK_STATE" />
11-->[com.firebaseui:firebase-ui-auth:7.2.0] AndroidManifest.xml:12:5-79
11-->[com.firebaseui:firebase-ui-auth:7.2.0] AndroidManifest.xml:12:22-76
12    <uses-permission android:name="android.permission.INTERNET" />
12-->[com.firebaseui:firebase-ui-auth:7.2.0] AndroidManifest.xml:13:5-67
12-->[com.firebaseui:firebase-ui-auth:7.2.0] AndroidManifest.xml:13:22-64
13
14    <application
14-->src/main/AndroidManifest.xml:5:5-24:19
15        android:allowBackup="true"
15-->src/main/AndroidManifest.xml:6:9-35
16        android:appComponentFactory="androidx.core.app.CoreComponentFactory"
16-->[androidx.core:core:1.7.0] AndroidManifest.xml:24:18-86
17        android:debuggable="true"
18        android:icon="@mipmap/ic_launcher"
18-->src/main/AndroidManifest.xml:7:9-43
19        android:label="@string/app_name"
19-->src/main/AndroidManifest.xml:8:9-41
20        android:roundIcon="@mipmap/ic_launcher_round"
20-->src/main/AndroidManifest.xml:9:9-54
21        android:supportsRtl="true"
21-->src/main/AndroidManifest.xml:10:9-35
22        android:testOnly="true"
23        android:theme="@style/Theme.Chat" >
23-->src/main/AndroidManifest.xml:11:9-42
24        <activity android:name="com.example.chat.homeActivity" >
24-->src/main/AndroidManifest.xml:12:9-14:20
24-->src/main/AndroidManifest.xml:13:13-41
25        </activity>
26        <activity
26-->src/main/AndroidManifest.xml:15:9-23:20
27            android:name="com.example.chat.MainActivity"
27-->src/main/AndroidManifest.xml:16:13-41
28            android:exported="true" >
28-->src/main/AndroidManifest.xml:17:13-36
29            <intent-filter>
29-->src/main/AndroidManifest.xml:18:13-22:29
30                <action android:name="android.intent.action.MAIN" />
30-->src/main/AndroidManifest.xml:19:17-69
30-->src/main/AndroidManifest.xml:19:25-66
31
32                <category android:name="android.intent.category.LAUNCHER" />
32-->src/main/AndroidManifest.xml:21:17-77
32-->src/main/AndroidManifest.xml:21:27-74
33            </intent-filter>
34        </activity>
35
36        <meta-data
36-->[com.firebaseui:firebase-ui-auth:7.2.0] AndroidManifest.xml:16:9-18:69
37            android:name="com.google.android.gms.version"
37-->[com.firebaseui:firebase-ui-auth:7.2.0] AndroidManifest.xml:17:13-58
38            android:value="@integer/google_play_services_version" />
38-->[com.firebaseui:firebase-ui-auth:7.2.0] AndroidManifest.xml:18:13-66
39        <meta-data
39-->[com.firebaseui:firebase-ui-auth:7.2.0] AndroidManifest.xml:19:9-21:63
40            android:name="com.facebook.sdk.ApplicationId"
40-->[com.firebaseui:firebase-ui-auth:7.2.0] AndroidManifest.xml:20:13-58
41            android:value="@string/facebook_application_id" />
41-->[com.firebaseui:firebase-ui-auth:7.2.0] AndroidManifest.xml:21:13-60
42
43        <activity
43-->[com.firebaseui:firebase-ui-auth:7.2.0] AndroidManifest.xml:23:9-27:61
44            android:name="com.firebase.ui.auth.KickoffActivity"
44-->[com.firebaseui:firebase-ui-auth:7.2.0] AndroidManifest.xml:24:13-64
45            android:exported="false"
45-->[com.firebaseui:firebase-ui-auth:7.2.0] AndroidManifest.xml:25:13-37
46            android:label=""
46-->[com.firebaseui:firebase-ui-auth:7.2.0] AndroidManifest.xml:26:13-29
47            android:theme="@style/FirebaseUI.Transparent" />
47-->[com.firebaseui:firebase-ui-auth:7.2.0] AndroidManifest.xml:27:13-58
48        <activity
48-->[com.firebaseui:firebase-ui-auth:7.2.0] AndroidManifest.xml:28:9-32:61
49            android:name="com.firebase.ui.auth.ui.idp.SingleSignInActivity"
49-->[com.firebaseui:firebase-ui-auth:7.2.0] AndroidManifest.xml:29:13-76
50            android:exported="false"
50-->[com.firebaseui:firebase-ui-auth:7.2.0] AndroidManifest.xml:30:13-37
51            android:label=""
51-->[com.firebaseui:firebase-ui-auth:7.2.0] AndroidManifest.xml:31:13-29
52            android:theme="@style/FirebaseUI.Transparent" />
52-->[com.firebaseui:firebase-ui-auth:7.2.0] AndroidManifest.xml:32:13-58
53        <activity
53-->[com.firebaseui:firebase-ui-auth:7.2.0] AndroidManifest.xml:33:9-37:61
54            android:name="com.firebase.ui.auth.ui.credentials.CredentialSaveActivity"
54-->[com.firebaseui:firebase-ui-auth:7.2.0] AndroidManifest.xml:34:13-86
55            android:exported="false"
55-->[com.firebaseui:firebase-ui-auth:7.2.0] AndroidManifest.xml:35:13-37
56            android:label=""
56-->[com.firebaseui:firebase-ui-auth:7.2.0] AndroidManifest.xml:36:13-29
57            android:theme="@style/FirebaseUI.Transparent" />
57-->[com.firebaseui:firebase-ui-auth:7.2.0] AndroidManifest.xml:37:13-58
58        <activity
58-->[com.firebaseui:firebase-ui-auth:7.2.0] AndroidManifest.xml:38:9-42:58
59            android:name="com.firebase.ui.auth.ui.email.RecoverPasswordActivity"
59-->[com.firebaseui:firebase-ui-auth:7.2.0] AndroidManifest.xml:39:13-81
60            android:exported="false"
60-->[com.firebaseui:firebase-ui-auth:7.2.0] AndroidManifest.xml:40:13-37
61            android:label="@string/fui_title_recover_password_activity"
61-->[com.firebaseui:firebase-ui-auth:7.2.0] AndroidManifest.xml:41:13-72
62            android:windowSoftInputMode="adjustResize" />
62-->[com.firebaseui:firebase-ui-auth:7.2.0] AndroidManifest.xml:42:13-55
63        <activity
63-->[com.firebaseui:firebase-ui-auth:7.2.0] AndroidManifest.xml:43:9-47:58
64            android:name="com.firebase.ui.auth.ui.email.EmailActivity"
64-->[com.firebaseui:firebase-ui-auth:7.2.0] AndroidManifest.xml:44:13-71
65            android:exported="false"
65-->[com.firebaseui:firebase-ui-auth:7.2.0] AndroidManifest.xml:45:13-37
66            android:label="@string/fui_sign_in_default"
66-->[com.firebaseui:firebase-ui-auth:7.2.0] AndroidManifest.xml:46:13-56
67            android:windowSoftInputMode="adjustResize" />
67-->[com.firebaseui:firebase-ui-auth:7.2.0] AndroidManifest.xml:47:13-55
68        <activity
68-->[com.firebaseui:firebase-ui-auth:7.2.0] AndroidManifest.xml:48:9-52:77
69            android:name="com.firebase.ui.auth.ui.phone.PhoneActivity"
69-->[com.firebaseui:firebase-ui-auth:7.2.0] AndroidManifest.xml:49:13-71
70            android:exported="false"
70-->[com.firebaseui:firebase-ui-auth:7.2.0] AndroidManifest.xml:50:13-37
71            android:label="@string/fui_sign_in_with_phone_number"
71-->[com.firebaseui:firebase-ui-auth:7.2.0] AndroidManifest.xml:51:13-66
72            android:windowSoftInputMode="adjustResize|stateAlwaysVisible" />
72-->[com.firebaseui:firebase-ui-auth:7.2.0] AndroidManifest.xml:52:13-74
73        <activity
73-->[com.firebaseui:firebase-ui-auth:7.2.0] AndroidManifest.xml:53:9-57:58
74            android:name="com.firebase.ui.auth.ui.idp.WelcomeBackIdpPrompt"
74-->[com.firebaseui:firebase-ui-auth:7.2.0] AndroidManifest.xml:54:13-76
75            android:exported="false"
75-->[com.firebaseui:firebase-ui-auth:7.2.0] AndroidManifest.xml:55:13-37
76            android:label="@string/fui_title_welcome_back_idp_prompt"
76-->[com.firebaseui:firebase-ui-auth:7.2.0] AndroidManifest.xml:56:13-70
77            android:windowSoftInputMode="adjustResize" />
77-->[com.firebaseui:firebase-ui-auth:7.2.0] AndroidManifest.xml:57:13-55
78        <activity
78-->[com.firebaseui:firebase-ui-auth:7.2.0] AndroidManifest.xml:58:9-62:58
79            android:name="com.firebase.ui.auth.ui.email.WelcomeBackPasswordPrompt"
79-->[com.firebaseui:firebase-ui-auth:7.2.0] AndroidManifest.xml:59:13-83
80            android:exported="false"
80-->[com.firebaseui:firebase-ui-auth:7.2.0] AndroidManifest.xml:60:13-37
81            android:label="@string/fui_title_welcome_back_password_prompt"
81-->[com.firebaseui:firebase-ui-auth:7.2.0] AndroidManifest.xml:61:13-75
82            android:windowSoftInputMode="adjustResize" />
82-->[com.firebaseui:firebase-ui-auth:7.2.0] AndroidManifest.xml:62:13-55
83        <activity
83-->[com.firebaseui:firebase-ui-auth:7.2.0] AndroidManifest.xml:63:9-67:58
84            android:name="com.firebase.ui.auth.ui.email.WelcomeBackEmailLinkPrompt"
84-->[com.firebaseui:firebase-ui-auth:7.2.0] AndroidManifest.xml:64:13-84
85            android:exported="false"
85-->[com.firebaseui:firebase-ui-auth:7.2.0] AndroidManifest.xml:65:13-37
86            android:label="@string/fui_title_welcome_back_password_prompt"
86-->[com.firebaseui:firebase-ui-auth:7.2.0] AndroidManifest.xml:66:13-75
87            android:windowSoftInputMode="adjustResize" />
87-->[com.firebaseui:firebase-ui-auth:7.2.0] AndroidManifest.xml:67:13-55
88        <activity
88-->[com.firebaseui:firebase-ui-auth:7.2.0] AndroidManifest.xml:68:9-73:58
89            android:name="com.firebase.ui.auth.ui.email.EmailLinkCatcherActivity"
89-->[com.firebaseui:firebase-ui-auth:7.2.0] AndroidManifest.xml:69:13-82
90            android:exported="false"
90-->[com.firebaseui:firebase-ui-auth:7.2.0] AndroidManifest.xml:70:13-37
91            android:label=""
91-->[com.firebaseui:firebase-ui-auth:7.2.0] AndroidManifest.xml:71:13-29
92            android:theme="@style/FirebaseUI.Transparent"
92-->[com.firebaseui:firebase-ui-auth:7.2.0] AndroidManifest.xml:72:13-58
93            android:windowSoftInputMode="adjustResize" />
93-->[com.firebaseui:firebase-ui-auth:7.2.0] AndroidManifest.xml:73:13-55
94        <activity
94-->[com.firebaseui:firebase-ui-auth:7.2.0] AndroidManifest.xml:74:9-78:58
95            android:name="com.firebase.ui.auth.ui.email.EmailLinkErrorRecoveryActivity"
95-->[com.firebaseui:firebase-ui-auth:7.2.0] AndroidManifest.xml:75:13-88
96            android:exported="false"
96-->[com.firebaseui:firebase-ui-auth:7.2.0] AndroidManifest.xml:76:13-37
97            android:label="@string/fui_sign_in_default"
97-->[com.firebaseui:firebase-ui-auth:7.2.0] AndroidManifest.xml:77:13-56
98            android:windowSoftInputMode="adjustResize" />
98-->[com.firebaseui:firebase-ui-auth:7.2.0] AndroidManifest.xml:78:13-55
99        <activity
99-->[com.firebaseui:firebase-ui-auth:7.2.0] AndroidManifest.xml:79:9-82:65
100            android:name="com.firebase.ui.auth.ui.idp.AuthMethodPickerActivity"
100-->[com.firebaseui:firebase-ui-auth:7.2.0] AndroidManifest.xml:80:13-80
101            android:exported="false"
101-->[com.firebaseui:firebase-ui-auth:7.2.0] AndroidManifest.xml:81:13-37
102            android:label="@string/fui_default_toolbar_title" />
102-->[com.firebaseui:firebase-ui-auth:7.2.0] AndroidManifest.xml:82:13-62
103        <activity
103-->[com.firebaseui:firebase-ui-auth:7.2.0] AndroidManifest.xml:83:9-87:48
104            android:name="com.facebook.FacebookActivity"
104-->[com.firebaseui:firebase-ui-auth:7.2.0] AndroidManifest.xml:84:13-57
105            android:configChanges="keyboard|keyboardHidden|screenLayout|screenSize|orientation"
105-->[com.firebaseui:firebase-ui-auth:7.2.0] AndroidManifest.xml:85:13-96
106            android:label="@string/app_name" />
106-->[com.firebaseui:firebase-ui-auth:7.2.0] AndroidManifest.xml:86:13-45
107        <activity
107-->[com.firebaseui:firebase-ui-auth:7.2.0] AndroidManifest.xml:88:9-100:20
108            android:name="com.facebook.CustomTabActivity"
108-->[com.firebaseui:firebase-ui-auth:7.2.0] AndroidManifest.xml:89:13-58
109            android:exported="true" >
109-->[com.firebaseui:firebase-ui-auth:7.2.0] AndroidManifest.xml:90:13-36
110            <intent-filter>
110-->[com.firebaseui:firebase-ui-auth:7.2.0] AndroidManifest.xml:92:13-99:29
111                <action android:name="android.intent.action.VIEW" />
111-->[com.firebaseui:firebase-ui-auth:7.2.0] AndroidManifest.xml:93:17-69
111-->[com.firebaseui:firebase-ui-auth:7.2.0] AndroidManifest.xml:93:25-66
112
113                <category android:name="android.intent.category.DEFAULT" />
113-->[com.firebaseui:firebase-ui-auth:7.2.0] AndroidManifest.xml:95:17-76
113-->[com.firebaseui:firebase-ui-auth:7.2.0] AndroidManifest.xml:95:27-73
114                <category android:name="android.intent.category.BROWSABLE" />
114-->[com.firebaseui:firebase-ui-auth:7.2.0] AndroidManifest.xml:96:17-78
114-->[com.firebaseui:firebase-ui-auth:7.2.0] AndroidManifest.xml:96:27-75
115
116                <data android:scheme="@string/facebook_login_protocol_scheme" />
116-->[com.firebaseui:firebase-ui-auth:7.2.0] AndroidManifest.xml:98:17-81
116-->[com.firebaseui:firebase-ui-auth:7.2.0] AndroidManifest.xml:98:23-78
117            </intent-filter>
118        </activity>
119
120        <provider
120-->[com.firebaseui:firebase-ui-auth:7.2.0] AndroidManifest.xml:102:9-106:38
121            android:name="com.firebase.ui.auth.data.client.AuthUiInitProvider"
121-->[com.firebaseui:firebase-ui-auth:7.2.0] AndroidManifest.xml:103:13-79
122            android:authorities="com.example.chat.authuiinitprovider"
122-->[com.firebaseui:firebase-ui-auth:7.2.0] AndroidManifest.xml:104:13-70
123            android:exported="false"
123-->[com.firebaseui:firebase-ui-auth:7.2.0] AndroidManifest.xml:105:13-37
124            android:initOrder="90" />
124-->[com.firebaseui:firebase-ui-auth:7.2.0] AndroidManifest.xml:106:13-35
125
126        <service
126-->[com.google.firebase:firebase-database:20.0.5] AndroidManifest.xml:29:9-35:19
127            android:name="com.google.firebase.components.ComponentDiscoveryService"
127-->[com.google.firebase:firebase-database:20.0.5] AndroidManifest.xml:30:13-84
128            android:directBootAware="true"
128-->[com.google.firebase:firebase-common:20.1.1] AndroidManifest.xml:35:13-43
129            android:exported="false" >
129-->[com.google.firebase:firebase-database:20.0.5] AndroidManifest.xml:31:13-37
130            <meta-data
130-->[com.google.firebase:firebase-database:20.0.5] AndroidManifest.xml:32:13-34:85
131                android:name="com.google.firebase.components:com.google.firebase.database.DatabaseRegistrar"
131-->[com.google.firebase:firebase-database:20.0.5] AndroidManifest.xml:33:17-109
132                android:value="com.google.firebase.components.ComponentRegistrar" />
132-->[com.google.firebase:firebase-database:20.0.5] AndroidManifest.xml:34:17-82
133            <meta-data
133-->[com.google.firebase:firebase-auth:21.0.5] AndroidManifest.xml:67:13-69:85
134                android:name="com.google.firebase.components:com.google.firebase.auth.FirebaseAuthRegistrar"
134-->[com.google.firebase:firebase-auth:21.0.5] AndroidManifest.xml:68:17-109
135                android:value="com.google.firebase.components.ComponentRegistrar" />
135-->[com.google.firebase:firebase-auth:21.0.5] AndroidManifest.xml:69:17-82
136            <meta-data
136-->[com.google.firebase:firebase-config:21.1.0] AndroidManifest.xml:32:13-34:85
137                android:name="com.google.firebase.components:com.google.firebase.remoteconfig.RemoteConfigRegistrar"
137-->[com.google.firebase:firebase-config:21.1.0] AndroidManifest.xml:33:17-117
138                android:value="com.google.firebase.components.ComponentRegistrar" />
138-->[com.google.firebase:firebase-config:21.1.0] AndroidManifest.xml:34:17-82
139            <meta-data
139-->[com.google.firebase:firebase-abt:21.0.1] AndroidManifest.xml:13:13-15:85
140                android:name="com.google.firebase.components:com.google.firebase.abt.component.AbtRegistrar"
140-->[com.google.firebase:firebase-abt:21.0.1] AndroidManifest.xml:14:17-109
141                android:value="com.google.firebase.components.ComponentRegistrar" />
141-->[com.google.firebase:firebase-abt:21.0.1] AndroidManifest.xml:15:17-82
142            <meta-data
142-->[com.google.firebase:firebase-installations:17.0.1] AndroidManifest.xml:18:13-20:85
143                android:name="com.google.firebase.components:com.google.firebase.installations.FirebaseInstallationsRegistrar"
143-->[com.google.firebase:firebase-installations:17.0.1] AndroidManifest.xml:19:17-127
144                android:value="com.google.firebase.components.ComponentRegistrar" />
144-->[com.google.firebase:firebase-installations:17.0.1] AndroidManifest.xml:20:17-82
145        </service>
146
147        <activity
147-->[com.google.firebase:firebase-auth:21.0.5] AndroidManifest.xml:27:9-44:20
148            android:name="com.google.firebase.auth.internal.GenericIdpActivity"
148-->[com.google.firebase:firebase-auth:21.0.5] AndroidManifest.xml:28:13-80
149            android:excludeFromRecents="true"
149-->[com.google.firebase:firebase-auth:21.0.5] AndroidManifest.xml:29:13-46
150            android:exported="true"
150-->[com.google.firebase:firebase-auth:21.0.5] AndroidManifest.xml:30:13-36
151            android:launchMode="singleTask"
151-->[com.google.firebase:firebase-auth:21.0.5] AndroidManifest.xml:31:13-44
152            android:theme="@android:style/Theme.Translucent.NoTitleBar" >
152-->[com.google.firebase:firebase-auth:21.0.5] AndroidManifest.xml:32:13-72
153            <intent-filter>
153-->[com.google.firebase:firebase-auth:21.0.5] AndroidManifest.xml:33:13-43:29
154                <action android:name="android.intent.action.VIEW" />
154-->[com.firebaseui:firebase-ui-auth:7.2.0] AndroidManifest.xml:93:17-69
154-->[com.firebaseui:firebase-ui-auth:7.2.0] AndroidManifest.xml:93:25-66
155
156                <category android:name="android.intent.category.DEFAULT" />
156-->[com.firebaseui:firebase-ui-auth:7.2.0] AndroidManifest.xml:95:17-76
156-->[com.firebaseui:firebase-ui-auth:7.2.0] AndroidManifest.xml:95:27-73
157                <category android:name="android.intent.category.BROWSABLE" />
157-->[com.firebaseui:firebase-ui-auth:7.2.0] AndroidManifest.xml:96:17-78
157-->[com.firebaseui:firebase-ui-auth:7.2.0] AndroidManifest.xml:96:27-75
158
159                <data
159-->[com.firebaseui:firebase-ui-auth:7.2.0] AndroidManifest.xml:98:17-81
160                    android:host="firebase.auth"
161                    android:path="/"
162                    android:scheme="genericidp" />
162-->[com.firebaseui:firebase-ui-auth:7.2.0] AndroidManifest.xml:98:23-78
163            </intent-filter>
164        </activity>
165        <activity
165-->[com.google.firebase:firebase-auth:21.0.5] AndroidManifest.xml:45:9-62:20
166            android:name="com.google.firebase.auth.internal.RecaptchaActivity"
166-->[com.google.firebase:firebase-auth:21.0.5] AndroidManifest.xml:46:13-79
167            android:excludeFromRecents="true"
167-->[com.google.firebase:firebase-auth:21.0.5] AndroidManifest.xml:47:13-46
168            android:exported="true"
168-->[com.google.firebase:firebase-auth:21.0.5] AndroidManifest.xml:48:13-36
169            android:launchMode="singleTask"
169-->[com.google.firebase:firebase-auth:21.0.5] AndroidManifest.xml:49:13-44
170            android:theme="@android:style/Theme.Translucent.NoTitleBar" >
170-->[com.google.firebase:firebase-auth:21.0.5] AndroidManifest.xml:50:13-72
171            <intent-filter>
171-->[com.google.firebase:firebase-auth:21.0.5] AndroidManifest.xml:51:13-61:29
172                <action android:name="android.intent.action.VIEW" />
172-->[com.firebaseui:firebase-ui-auth:7.2.0] AndroidManifest.xml:93:17-69
172-->[com.firebaseui:firebase-ui-auth:7.2.0] AndroidManifest.xml:93:25-66
173
174                <category android:name="android.intent.category.DEFAULT" />
174-->[com.firebaseui:firebase-ui-auth:7.2.0] AndroidManifest.xml:95:17-76
174-->[com.firebaseui:firebase-ui-auth:7.2.0] AndroidManifest.xml:95:27-73
175                <category android:name="android.intent.category.BROWSABLE" />
175-->[com.firebaseui:firebase-ui-auth:7.2.0] AndroidManifest.xml:96:17-78
175-->[com.firebaseui:firebase-ui-auth:7.2.0] AndroidManifest.xml:96:27-75
176
177                <data
177-->[com.firebaseui:firebase-ui-auth:7.2.0] AndroidManifest.xml:98:17-81
178                    android:host="firebase.auth"
179                    android:path="/"
180                    android:scheme="recaptcha" />
180-->[com.firebaseui:firebase-ui-auth:7.2.0] AndroidManifest.xml:98:23-78
181            </intent-filter>
182        </activity>
183        <activity
183-->[com.google.android.gms:play-services-auth:19.0.0] AndroidManifest.xml:23:9-27:75
184            android:name="com.google.android.gms.auth.api.signin.internal.SignInHubActivity"
184-->[com.google.android.gms:play-services-auth:19.0.0] AndroidManifest.xml:24:13-93
185            android:excludeFromRecents="true"
185-->[com.google.android.gms:play-services-auth:19.0.0] AndroidManifest.xml:25:13-46
186            android:exported="false"
186-->[com.google.android.gms:play-services-auth:19.0.0] AndroidManifest.xml:26:13-37
187            android:theme="@android:style/Theme.Translucent.NoTitleBar" />
187-->[com.google.android.gms:play-services-auth:19.0.0] AndroidManifest.xml:27:13-72
188        <!--
189            Service handling Google Sign-In user revocation. For apps that do not integrate with
190            Google Sign-In, this service will never be started.
191        -->
192        <service
192-->[com.google.android.gms:play-services-auth:19.0.0] AndroidManifest.xml:33:9-37:51
193            android:name="com.google.android.gms.auth.api.signin.RevocationBoundService"
193-->[com.google.android.gms:play-services-auth:19.0.0] AndroidManifest.xml:34:13-89
194            android:exported="true"
194-->[com.google.android.gms:play-services-auth:19.0.0] AndroidManifest.xml:35:13-36
195            android:permission="com.google.android.gms.auth.api.signin.permission.REVOCATION_NOTIFICATION"
195-->[com.google.android.gms:play-services-auth:19.0.0] AndroidManifest.xml:36:13-107
196            android:visibleToInstantApps="true" />
196-->[com.google.android.gms:play-services-auth:19.0.0] AndroidManifest.xml:37:13-48
197
198        <activity
198-->[com.google.android.gms:play-services-base:18.0.1] AndroidManifest.xml:20:9-22:45
199            android:name="com.google.android.gms.common.api.GoogleApiActivity"
199-->[com.google.android.gms:play-services-base:18.0.1] AndroidManifest.xml:20:19-85
200            android:exported="false"
200-->[com.google.android.gms:play-services-base:18.0.1] AndroidManifest.xml:22:19-43
201            android:theme="@android:style/Theme.Translucent.NoTitleBar" />
201-->[com.google.android.gms:play-services-base:18.0.1] AndroidManifest.xml:21:19-78
202
203        <provider
203-->[com.google.firebase:firebase-common:20.1.1] AndroidManifest.xml:26:9-31:39
204            android:name="com.google.firebase.provider.FirebaseInitProvider"
204-->[com.google.firebase:firebase-common:20.1.1] AndroidManifest.xml:27:13-77
205            android:authorities="com.example.chat.firebaseinitprovider"
205-->[com.google.firebase:firebase-common:20.1.1] AndroidManifest.xml:28:13-72
206            android:directBootAware="true"
206-->[com.google.firebase:firebase-common:20.1.1] AndroidManifest.xml:29:13-43
207            android:exported="false"
207-->[com.google.firebase:firebase-common:20.1.1] AndroidManifest.xml:30:13-37
208            android:initOrder="100" />
208-->[com.google.firebase:firebase-common:20.1.1] AndroidManifest.xml:31:13-36
209        <provider
209-->[androidx.emoji2:emoji2:1.0.0] AndroidManifest.xml:26:9-34:20
210            android:name="androidx.startup.InitializationProvider"
210-->[androidx.emoji2:emoji2:1.0.0] AndroidManifest.xml:27:13-67
211            android:authorities="com.example.chat.androidx-startup"
211-->[androidx.emoji2:emoji2:1.0.0] AndroidManifest.xml:28:13-68
212            android:exported="false" >
212-->[androidx.emoji2:emoji2:1.0.0] AndroidManifest.xml:29:13-37
213            <meta-data
213-->[androidx.emoji2:emoji2:1.0.0] AndroidManifest.xml:31:13-33:52
214                android:name="androidx.emoji2.text.EmojiCompatInitializer"
214-->[androidx.emoji2:emoji2:1.0.0] AndroidManifest.xml:32:17-75
215                android:value="androidx.startup" />
215-->[androidx.emoji2:emoji2:1.0.0] AndroidManifest.xml:33:17-49
216            <meta-data
216-->[androidx.lifecycle:lifecycle-process:2.4.0] AndroidManifest.xml:31:13-33:52
217                android:name="androidx.lifecycle.ProcessLifecycleInitializer"
217-->[androidx.lifecycle:lifecycle-process:2.4.0] AndroidManifest.xml:32:17-78
218                android:value="androidx.startup" />
218-->[androidx.lifecycle:lifecycle-process:2.4.0] AndroidManifest.xml:33:17-49
219        </provider>
220    </application>
221
222</manifest>